Arguments: 
  /usr/bin/node /usr/share/yarn/bin/yarn.js add vue3-dropzone

PATH: 
  /home/di/.local/share/virtualenvs/fitroom-fast-WKj1EHo8/bin:/home/di/.local/bin:/usr/local/sbin:/usr/local/bin:/usr/sbin:/usr/bin:/sbin:/bin:/usr/games:/usr/local/games:/snap/bin

Yarn version: 
  1.22.5

Node version: 
  10.19.0

Platform: 
  linux x64

Trace: 
  Error: https://registry.yarnpkg.com/vue3-dropzone: Not found
      at Request.params.callback [as _callback] (/usr/share/yarn/lib/cli.js:66988:18)
      at Request.self.callback (/usr/share/yarn/lib/cli.js:140749:22)
      at Request.emit (events.js:198:13)
      at Request.<anonymous> (/usr/share/yarn/lib/cli.js:141721:10)
      at Request.emit (events.js:198:13)
      at IncomingMessage.<anonymous> (/usr/share/yarn/lib/cli.js:141643:12)
      at Object.onceWrapper (events.js:286:20)
      at IncomingMessage.emit (events.js:203:15)
      at endReadableNT (_stream_readable.js:1145:12)
      at process._tickCallback (internal/process/next_tick.js:63:19)

npm manifest: 
  {
    "dependencies": {
      "vue2-dropzone": "^3.6.0"
    }
  }

yarn manifest: 
  No manifest

Lockfile: 
  # THIS IS AN AUTOGENERATED FILE. DO NOT EDIT THIS FILE DIRECTLY.
  # yarn lockfile v1
  
  
  dropzone@^5.5.1:
    version "5.7.2"
    resolved "https://registry.yarnpkg.com/dropzone/-/dropzone-5.7.2.tgz#91bee1572dda515d40901da304bc79dddf309b4c"
    integrity sha512-m217bJHtf0J1IiKn4Tv6mnu1h5QvQNBnKZ39gma7hzGQhIZMxYq1vYEHs4AVd4ThFwmALys+52NAOD4zdLTG4w==
  
  vue2-dropzone@^3.6.0:
    version "3.6.0"
    resolved "https://registry.yarnpkg.com/vue2-dropzone/-/vue2-dropzone-3.6.0.tgz#b4bb4b64de1cbbb3b88f04b24878e06780a51546"
    integrity sha512-YXC1nCWIZvfa98e/i6h+EshZCkFSxFEh0Sxr9ODfThAPPDVhAzLLlz/4XIx0NGO1QeSy6htwSstte47R7vVhLQ==
    dependencies:
      dropzone "^5.5.1"
